Started GET "/" for ::1 at 2022-11-16 15:26:46 +0900
Processing by Rails::WelcomeController#index as HTML
  Rendering /Users/takanoritatebe/.rbenv/versions/2.5.1/lib/ruby/gems/2.5.0/gems/railties-5.2.6/lib/rails/templates/rails/welcome/index.html.erb
  Rendered /Users/takanoritatebe/.rbenv/versions/2.5.1/lib/ruby/gems/2.5.0/gems/railties-5.2.6/lib/rails/templates/rails/welcome/index.html.erb (2.0ms)
Completed 200 OK in 11ms (Views: 6.1ms | ActiveRecord: 0.0ms)


Started GET "/" for ::1 at 2022-11-16 17:27:24 +0900
Processing by Rails::WelcomeController#index as HTML
  Rendering /Users/takanoritatebe/.rbenv/versions/2.5.1/lib/ruby/gems/2.5.0/gems/railties-5.2.6/lib/rails/templates/rails/welcome/index.html.erb
  Rendered /Users/takanoritatebe/.rbenv/versions/2.5.1/lib/ruby/gems/2.5.0/gems/railties-5.2.6/lib/rails/templates/rails/welcome/index.html.erb (3.0ms)
Completed 200 OK in 16ms (Views: 9.8ms | ActiveRecord: 0.0ms)


Started GET "/" for ::1 at 2022-11-16 17:27:26 +0900
Processing by Rails::WelcomeController#index as HTML
  Rendering /Users/takanoritatebe/.rbenv/versions/2.5.1/lib/ruby/gems/2.5.0/gems/railties-5.2.6/lib/rails/templates/rails/welcome/index.html.erb
  Rendered /Users/takanoritatebe/.rbenv/versions/2.5.1/lib/ruby/gems/2.5.0/gems/railties-5.2.6/lib/rails/templates/rails/welcome/index.html.erb (1.7ms)
Completed 200 OK in 6ms (Views: 3.9ms | ActiveRecord: 0.0ms)


Started GET "/" for ::1 at 2022-11-16 17:36:22 +0900
Processing by Rails::WelcomeController#index as HTML
  Rendering /Users/takanoritatebe/.rbenv/versions/2.5.1/lib/ruby/gems/2.5.0/gems/railties-5.2.6/lib/rails/templates/rails/welcome/index.html.erb
  Rendered /Users/takanoritatebe/.rbenv/versions/2.5.1/lib/ruby/gems/2.5.0/gems/railties-5.2.6/lib/rails/templates/rails/welcome/index.html.erb (1.6ms)
Completed 200 OK in 6ms (Views: 3.4ms | ActiveRecord: 0.0ms)


Started GET "/" for ::1 at 2022-11-16 17:36:23 +0900
Processing by Rails::WelcomeController#index as HTML
  Rendering /Users/takanoritatebe/.rbenv/versions/2.5.1/lib/ruby/gems/2.5.0/gems/railties-5.2.6/lib/rails/templates/rails/welcome/index.html.erb
  Rendered /Users/takanoritatebe/.rbenv/versions/2.5.1/lib/ruby/gems/2.5.0/gems/railties-5.2.6/lib/rails/templates/rails/welcome/index.html.erb (1.6ms)
Completed 200 OK in 6ms (Views: 3.6ms | ActiveRecord: 0.0ms)


